0 info it worked if it ends with ok
1 verbose cli [ '/Users/trent/.nvm/versions/node/v0.12.2/bin/node',
1 verbose cli   '/Users/trent/.nvm/versions/node/v0.12.2/bin/npm',
1 verbose cli   'install',
1 verbose cli   '.',
1 verbose cli   '-g' ]
2 info using npm@2.7.4
3 info using node@v0.12.2
4 silly cache add args [ '.', null ]
5 verbose cache add spec .
6 silly cache add parsed spec { raw: '.',
6 silly cache add   scope: null,
6 silly cache add   name: null,
6 silly cache add   rawSpec: '.',
6 silly cache add   spec: '/Users/trent/Work/meteor-generator',
6 silly cache add   type: 'directory' }
7 verbose addLocalDirectory /Users/trent/.npm/meteor-generator/1.0.0/package.tgz not in flight; packing
8 verbose tar pack [ '/Users/trent/.npm/meteor-generator/1.0.0/package.tgz',
8 verbose tar pack   '/Users/trent/Work/meteor-generator' ]
9 verbose tarball /Users/trent/.npm/meteor-generator/1.0.0/package.tgz
10 verbose folder /Users/trent/Work/meteor-generator
11 info prepublish meteor-generator@1.0.0
12 verbose addLocalTarball adding from inside cache /Users/trent/.npm/meteor-generator/1.0.0/package.tgz
13 silly cache afterAdd meteor-generator@1.0.0
14 verbose afterAdd /Users/trent/.npm/meteor-generator/1.0.0/package/package.json not in flight; writing
15 verbose afterAdd /Users/trent/.npm/meteor-generator/1.0.0/package/package.json written
16 silly install resolved [ { name: 'meteor-generator',
16 silly install resolved     version: '1.0.0',
16 silly install resolved     description: 'scalffold files',
16 silly install resolved     main: 'index.js',
16 silly install resolved     dependencies: { mkdirp: '^0.5.0', lodash: '^3.8.0' },
16 silly install resolved     devDependencies: {},
16 silly install resolved     scripts: { test: 'echo "Error: no test specified" && exit 1' },
16 silly install resolved     keywords: [ 'meteor', 'generator' ],
16 silly install resolved     bin: { 'meteor-generator': './bin/meteor-generator' },
16 silly install resolved     author: { name: 'Chun Yang' },
16 silly install resolved     license: 'ISC',
16 silly install resolved     readme: 'ERROR: No README data found!',
16 silly install resolved     _id: 'meteor-generator@1.0.0',
16 silly install resolved     _shasum: 'a0416b13d3ec3bfdb82c9037661f3d9b7cad74dd',
16 silly install resolved     _from: '../../../../Work/meteor-generator',
16 silly install resolved     _resolved: 'file:../../../../Work/meteor-generator' } ]
17 info install meteor-generator@1.0.0 into /Users/trent/.nvm/versions/node/v0.12.2/lib
18 info installOne meteor-generator@1.0.0
19 verbose installOne of meteor-generator to /Users/trent/.nvm/versions/node/v0.12.2/lib not in flight; installing
20 warn locking Error: EACCES, open '/Users/trent/.npm/_locks/meteor-generator-56f07fdaccf8d3d3.lock'
20 warn locking     at Error (native)
20 warn locking  /Users/trent/.npm/_locks/meteor-generator-56f07fdaccf8d3d3.lock failed { [Error: EACCES, open '/Users/trent/.npm/_locks/meteor-generator-56f07fdaccf8d3d3.lock']
20 warn locking   errno: -13,
20 warn locking   code: 'EACCES',
20 warn locking   path: '/Users/trent/.npm/_locks/meteor-generator-56f07fdaccf8d3d3.lock' }
21 verbose stack Error: Attempt to unlock /Users/trent/.nvm/versions/node/v0.12.2/lib/node_modules/meteor-generator, which hasn't been locked
21 verbose stack     at unlock (/Users/trent/.nvm/versions/node/v0.12.2/lib/node_modules/npm/lib/utils/locker.js:66:11)
21 verbose stack     at cb (/Users/trent/.nvm/versions/node/v0.12.2/lib/node_modules/npm/lib/install.js:1004:5)
21 verbose stack     at /Users/trent/.nvm/versions/node/v0.12.2/lib/node_modules/npm/lib/install.js:1008:20
21 verbose stack     at /Users/trent/.nvm/versions/node/v0.12.2/lib/node_modules/npm/lib/utils/locker.js:40:9
21 verbose stack     at cb (/Users/trent/.nvm/versions/node/v0.12.2/lib/node_modules/npm/node_modules/lockfile/lockfile.js:149:38)
21 verbose stack     at /Users/trent/.nvm/versions/node/v0.12.2/lib/node_modules/npm/node_modules/lockfile/lockfile.js:177:38
21 verbose stack     at FSReqWrap.oncomplete (fs.js:95:15)
22 verbose cwd /Users/trent/Work/meteor-generator
23 error Darwin 14.3.0
24 error argv "/Users/trent/.nvm/versions/node/v0.12.2/bin/node" "/Users/trent/.nvm/versions/node/v0.12.2/bin/npm" "install" "." "-g"
25 error node v0.12.2
26 error npm  v2.7.4
27 error Attempt to unlock /Users/trent/.nvm/versions/node/v0.12.2/lib/node_modules/meteor-generator, which hasn't been locked
28 error If you need help, you may report this error at:
28 error     <https://github.com/npm/npm/issues>
29 verbose exit [ 1, true ]
